
SQL*Loader: Release 19.0.0.0.0 - Production on Thu May 5 14:07:33 2022
Version 19.3.0.0.0

Copyright (c) 1982, 2019, Oracle and/or its affiliates.  All rights reserved.

Control File:   issue_reprint.ctl
Data File:      GCD_ISSUE_REPRINT.csv
  Bad File:     issue_reprint.bad
  Discard File:  none specified
 
 (Allow all discards)

Number to load: ALL
Number to skip: 0
Errors allowed: 50
Continuation:    none specified
Path used:      Direct

Table GCD_ISSUE_REPRINT, loaded from every logical record.
Insert option in effect for this table: INSERT

   Column Name                  Position   Len  Term Encl Datatype
------------------------------ ---------- ----- ---- ---- ---------------------
ID                                  FIRST     *   ,       CHARACTER            
ORIGIN_ISSUE_ID                      NEXT     *   ,       CHARACTER            
TARGET_ISSUE_ID                      NEXT     *   ,       CHARACTER            

Record 1: Rejected - Error on table GCD_ISSUE_REPRINT, column ID.
ORA-01722: invalid number


Table GCD_ISSUE_REPRINT:
  5130 Rows successfully loaded.
  1 Row not loaded due to data errors.
  0 Rows not loaded because all WHEN clauses were failed.
  0 Rows not loaded because all fields were null.

Bind array size not used in direct path.
Column array  rows :    5000
Stream buffer bytes:  256000
Read   buffer bytes: 1048576

Total logical records skipped:          0
Total logical records read:          5131
Total logical records rejected:         1
Total logical records discarded:        0
Total stream buffers loaded by SQL*Loader main thread:        2
Total stream buffers loaded by SQL*Loader load thread:        0

Run began on Thu May 05 14:07:33 2022
Run ended on Thu May 05 14:07:35 2022

Elapsed time was:     00:00:01.86
CPU time was:         00:00:00.15
