
SQL*Loader: Release 19.0.0.0.0 - Production on Wed May 18 12:19:21 2022
Version 19.3.0.0.0

Copyright (c) 1982, 2019, Oracle and/or its affiliates.  All rights reserved.

Control File:   series_to_publishing_format.ctl
Character Set UTF8 specified for all input.

Data File:      GCD_SERIES_TO_PUBLISHING_FORMAT.csv
  Bad File:     series_to_publishing_format.bad
  Discard File:  none specified
 
 (Allow all discards)

Number to load: ALL
Number to skip: 0
Errors allowed: 50
Continuation:    none specified
Path used:      Direct

Table GCD_SERIES_TO_PUBLISHING_FORMAT, loaded from every logical record.
Insert option in effect for this table: INSERT
TRAILING NULLCOLS option in effect

   Column Name                  Position   Len  Term Encl Datatype
------------------------------ ---------- ----- ---- ---- ---------------------
SERIES_ID                           FIRST     *   ,       CHARACTER            
PUBLISHING_FORMAT_ID                 NEXT     *   ,       CHARACTER            

Record 1: Rejected - Error on table GCD_SERIES_TO_PUBLISHING_FORMAT, column SERIES_ID.
ORA-01722: invalid number


Table GCD_SERIES_TO_PUBLISHING_FORMAT:
  107241 Rows successfully loaded.
  1 Row not loaded due to data errors.
  0 Rows not loaded because all WHEN clauses were failed.
  0 Rows not loaded because all fields were null.

Bind array size not used in direct path.
Column array  rows :    5000
Stream buffer bytes:  256000
Read   buffer bytes: 1048576

Total logical records skipped:          0
Total logical records read:        107242
Total logical records rejected:         1
Total logical records discarded:        0
Total stream buffers loaded by SQL*Loader main thread:       22
Total stream buffers loaded by SQL*Loader load thread:        0

Run began on Wed May 18 12:19:21 2022
Run ended on Wed May 18 12:19:24 2022

Elapsed time was:     00:00:02.70
CPU time was:         00:00:00.17
